2023-08-11 07:12:35.398 [info] Log level: Info
2023-08-11 07:12:35.398 [info] Validating found git in: "git"
2023-08-11 07:12:35.398 [info] Using git "2.34.1" from "git"
2023-08-11 07:12:35.398 [info] > git rev-parse --show-toplevel [42ms]
2023-08-11 07:12:35.398 [info] fatal: not a git repository (or any of the parent directories): .git
2023-08-11 07:12:35.398 [info] > git rev-parse --show-toplevel [2ms]
2023-08-11 07:12:35.398 [info] fatal: not a git repository (or any of the parent directories): .git
2023-08-11 07:12:35.398 [info] > git rev-parse --show-toplevel [1ms]
2023-08-11 07:12:35.398 [info] fatal: not a git repository (or any of the parent directories): .git
2023-08-11 07:12:35.398 [info] > git rev-parse --show-toplevel [1ms]
2023-08-11 07:12:35.398 [info] fatal: not a git repository (or any of the parent directories): .git
2023-08-11 07:12:35.398 [info] > git rev-parse --show-toplevel [9ms]
2023-08-11 07:12:35.398 [info] fatal: not a git repository (or any of the parent directories): .git
2023-08-11 07:12:35.398 [info] > git rev-parse --show-toplevel [15ms]
2023-08-11 07:12:35.398 [info] fatal: not a git repository (or any of the parent directories): .git
2023-08-11 07:12:35.398 [info] > git rev-parse --show-toplevel [2ms]
2023-08-11 07:12:35.398 [info] fatal: not a git repository (or any of the parent directories): .git
2023-08-11 07:12:35.398 [info] > git rev-parse --show-toplevel [3ms]
2023-08-11 07:12:35.398 [info] fatal: not a git repository (or any of the parent directories): .git
2023-08-11 07:12:35.398 [info] > git rev-parse --show-toplevel [10ms]
2023-08-11 07:12:35.398 [info] fatal: not a git repository (or any of the parent directories): .git
2023-08-11 07:12:35.398 [info] > git rev-parse --show-toplevel [11ms]
2023-08-11 07:12:35.398 [info] > git rev-parse --git-dir --git-common-dir [8ms]
2023-08-11 07:12:35.398 [info] Open repository: /home/ubuntu/part1
2023-08-11 07:12:35.398 [info] > git rev-parse --show-toplevel [10ms]
2023-08-11 07:12:35.398 [info] fatal: not a git repository (or any of the parent directories): .git
2023-08-11 07:12:35.398 [info] > git rev-parse --show-toplevel [11ms]
2023-08-11 07:12:35.398 [info] fatal: not a git repository (or any of the parent directories): .git
2023-08-11 07:12:35.398 [info] > git config --get commit.template [23ms]
2023-08-11 07:12:35.398 [info] > git for-each-ref --format=%(refname)%00%(upstream:short)%00%(objectname)%00%(upstream:track)%00%(upstream:remotename)%00%(upstream:remoteref) refs/heads/main refs/remotes/main [11ms]
2023-08-11 07:12:35.398 [info] > git status -z -uall [5ms]
2023-08-11 07:12:35.398 [info] > git config --get commit.template [2ms]
2023-08-11 07:12:35.398 [info] > git for-each-ref --format=%(refname)%00%(upstream:short)%00%(objectname)%00%(upstream:track)%00%(upstream:remotename)%00%(upstream:remoteref) refs/heads/main refs/remotes/main [14ms]
2023-08-11 07:12:35.398 [info] > git status -z -uall [3ms]
2023-08-11 07:12:35.789 [info] > git check-ignore -v -z --stdin [4ms]
2023-08-11 07:12:56.976 [info] > git check-ignore -v -z --stdin [3ms]
2023-08-11 07:13:00.038 [info] > git check-ignore -v -z --stdin [4ms]
2023-08-11 07:13:03.094 [info] > git show --textconv :web_pages/page1.html [10ms]
2023-08-11 07:13:03.098 [info] > git ls-files --stage -- /home/ubuntu/part1/web_pages/page1.html [5ms]
2023-08-11 07:13:03.106 [info] > git cat-file -s 9982dba7453be16b66bc7c886736e909e860bc31 [2ms]
2023-08-11 07:13:06.121 [info] > git show --textconv :web_pages/page2.html [7ms]
2023-08-11 07:13:06.122 [info] > git ls-files --stage -- /home/ubuntu/part1/web_pages/page2.html [2ms]
2023-08-11 07:13:06.128 [info] > git cat-file -s de0fde52d6a020cee7690a23b34b70ff06e9fbfe [2ms]
